Build started 12/03/2014 13:16:05.
     1>Project "C:\Users\Chris\Documents\GitHub\ProjectBlizzard\ProjectBlizzard\ProjectBlizzard.vcxproj" on node 2 (Build target(s)).
       Project file contains ToolsVersion="12.0". This toolset is unknown or missing. You may be able to resolve this by installing the appropriate .NET Framework for this toolset. Treating the project as if it had ToolsVersion="4.0".
     1>ClCompile:
         C:\Program Files (x86)\Microsoft Visual Studio 11.0\VC\bin\CL.exe /c /ZI /nologo /W3 /WX- /Od /Oy- /D WIN32 /D _DEBUG /D _WINDOWS /D _MBCS /Gm /EHsc /RTC1 /MDd /GS /fp:precise /Zc:wchar_t /Zc:forScope /Fo"Debug\\" /Fd"Debug\vc110.pdb" /Gd /TP /analyze- /errorReport:prompt Button3D.cpp
         Button3D.cpp
     1>c:\users\chris\documents\github\projectblizzard\projectblizzard\button3d.cpp(23): warning C4244: 'argument' : conversion from 'double' to 'float', possible loss of data
     1>c:\users\chris\documents\github\projectblizzard\projectblizzard\button3d.cpp(34): warning C4244: 'argument' : conversion from 'double' to 'float', possible loss of data
       Link:
         C:\Program Files (x86)\Microsoft Visual Studio 11.0\VC\bin\link.exe /ERRORREPORT:PROMPT /OUT:"C:\Users\Chris\Documents\GitHub\ProjectBlizzard\Debug\ProjectBlizzard.exe" /INCREMENTAL /NOLOGO opengl32.lib glu32.lib odbc32.lib odbccp32.lib winmm.lib kernel32.lib user32.lib gdi32.lib winspool.lib comdlg32.lib advapi32.lib shell32.lib ole32.lib oleaut32.lib uuid.lib odbc32.lib odbccp32.lib /MANIFEST /MANIFESTUAC:"level='asInvoker' uiAccess='false'" /manifest:embed /DEBUG /PDB:"C:\Users\Chris\Documents\GitHub\ProjectBlizzard\Debug\ProjectBlizzard.pdb" /SUBSYSTEM:WINDOWS /TLBID:1 /DYNAMICBASE /NXCOMPAT /IMPLIB:"C:\Users\Chris\Documents\GitHub\ProjectBlizzard\Debug\ProjectBlizzard.lib" /MACHINE:X86 /SAFESEH Debug\BaseGame.obj
         Debug\BFont.obj
         Debug\Button3D.obj
         Debug\Camera.obj
         Debug\Cube.obj
         Debug\Explosion.obj
         Debug\Game.obj
         Debug\LoadTextures.obj
         Debug\Main.obj
         Debug\Model.obj
         Debug\Movement.obj
         Debug\Physics.obj
         Debug\Rectangle.obj
         Debug\Scene.obj
         Debug\SceneSelect.obj
         Debug\Sphere.obj
         Debug\StartScreen.obj
         Debug\Team.obj
         Debug\TimeControl.obj
         Debug\Unit.obj
         Debug\Weapon.obj
         ProjectBlizzard.vcxproj -> C:\Users\Chris\Documents\GitHub\ProjectBlizzard\Debug\ProjectBlizzard.exe
     1>Done Building Project "C:\Users\Chris\Documents\GitHub\ProjectBlizzard\ProjectBlizzard\ProjectBlizzard.vcxproj" (Build target(s)).

Build succeeded.

Time Elapsed 00:00:01.82
