h:\programming\github\projectblizzard\projectblizzard\debug\explosion.obj
h:\programming\github\projectblizzard\projectblizzard\debug\game.obj
h:\programming\github\projectblizzard\projectblizzard\debug\gamescreen.obj
h:\programming\github\projectblizzard\projectblizzard\debug\gui.obj
h:\programming\github\projectblizzard\projectblizzard\debug\loadtextures.obj
h:\programming\github\projectblizzard\projectblizzard\debug\main.obj
h:\programming\github\projectblizzard\projectblizzard\debug\model.obj
h:\programming\github\projectblizzard\projectblizzard\debug\movement.obj
h:\programming\github\projectblizzard\projectblizzard\debug\physics.obj
h:\programming\github\projectblizzard\projectblizzard\debug\rectangle.obj
h:\programming\github\projectblizzard\projectblizzard\debug\scene.obj
h:\programming\github\projectblizzard\projectblizzard\debug\sceneselect.obj
h:\programming\github\projectblizzard\projectblizzard\debug\sphere.obj
h:\programming\github\projectblizzard\projectblizzard\debug\startscreen.obj
h:\programming\github\projectblizzard\projectblizzard\debug\team.obj
h:\programming\github\projectblizzard\projectblizzard\debug\terraingenerator.obj
h:\programming\github\projectblizzard\projectblizzard\debug\timecontrol.obj
h:\programming\github\projectblizzard\projectblizzard\debug\timer.obj
h:\programming\github\projectblizzard\projectblizzard\debug\unit.obj
h:\programming\github\projectblizzard\projectblizzard\debug\weapon.obj
h:\programming\github\projectblizzard\projectblizzard\debug\basegame.obj
h:\programming\github\projectblizzard\projectblizzard\debug\bfont.obj
h:\programming\github\projectblizzard\projectblizzard\debug\button3d.obj
h:\programming\github\projectblizzard\projectblizzard\debug\camera.obj
h:\programming\github\projectblizzard\projectblizzard\debug\cube.obj
h:\programming\github\projectblizzard\projectblizzard\debug\vc110.pdb
h:\programming\github\projectblizzard\projectblizzard\debug\assertexception.obj
h:\programming\github\projectblizzard\projectblizzard\debug\checks.obj
h:\programming\github\projectblizzard\projectblizzard\debug\currenttest.obj
h:\programming\github\projectblizzard\projectblizzard\debug\deferredtestreporter.obj
h:\programming\github\projectblizzard\projectblizzard\debug\deferredtestresult.obj
h:\programming\github\projectblizzard\projectblizzard\debug\memoryoutstream.obj
h:\programming\github\projectblizzard\projectblizzard\debug\reportassert.obj
h:\programming\github\projectblizzard\projectblizzard\debug\test.obj
h:\programming\github\projectblizzard\projectblizzard\debug\testall.obj
h:\programming\github\projectblizzard\projectblizzard\debug\testdetails.obj
h:\programming\github\projectblizzard\projectblizzard\debug\testlist.obj
h:\programming\github\projectblizzard\projectblizzard\debug\testreporter.obj
h:\programming\github\projectblizzard\projectblizzard\debug\testreporterstdout.obj
h:\programming\github\projectblizzard\projectblizzard\debug\testresults.obj
h:\programming\github\projectblizzard\projectblizzard\debug\testrunner.obj
h:\programming\github\projectblizzard\projectblizzard\debug\timeconstraint.obj
h:\programming\github\projectblizzard\projectblizzard\debug\xmltestreporter.obj
h:\programming\github\projectblizzard\debug\projectblizzard.exe
h:\programming\github\projectblizzard\debug\projectblizzard.pdb
h:\programming\github\projectblizzard\projectblizzard\debug\cl.command.1.tlog
h:\programming\github\projectblizzard\projectblizzard\debug\cl.read.1.tlog
h:\programming\github\projectblizzard\projectblizzard\debug\cl.write.1.tlog
h:\programming\github\projectblizzard\projectblizzard\debug\link-cvtres.read.1.tlog
h:\programming\github\projectblizzard\projectblizzard\debug\link-cvtres.write.1.tlog
h:\programming\github\projectblizzard\projectblizzard\debug\link-rc.read.1.tlog
h:\programming\github\projectblizzard\projectblizzard\debug\link-rc.write.1.tlog
h:\programming\github\projectblizzard\projectblizzard\debug\link.command.1.tlog
h:\programming\github\projectblizzard\projectblizzard\debug\link.read.1.tlog
h:\programming\github\projectblizzard\projectblizzard\debug\link.write.1.tlog
h:\programming\github\projectblizzard\projectblizzard\debug\vc110.idb
